#! /usr/bin/vvp
:ivl_version "11.0 (stable)" "(v11_0)";
:ivl_delay_selection "TYPICAL";
:vpi_time_precision - 12;
:vpi_module "/usr/lib/ivl/system.vpi";
:vpi_module "/usr/lib/ivl/vhdl_sys.vpi";
:vpi_module "/usr/lib/ivl/vhdl_textio.vpi";
:vpi_module "/usr/lib/ivl/v2005_math.vpi";
:vpi_module "/usr/lib/ivl/va_math.vpi";
S_0x55bd8730da90 .scope module, "wt_unit_tb" "wt_unit_tb" 2 23;
 .timescale -9 -12;
P_0x55bd8730e250 .param/l "CLK_PERIOD" 0 2 26, +C4<00000000000000000000000000001010>;
P_0x55bd8730e290 .param/l "DATA_BLOCK_REG_WIDTH" 0 2 30, +C4<00000000000000000000001000000000>;
P_0x55bd8730e2d0 .param/l "DATA_WORD_REG_WIDTH" 0 2 28, +C4<00000000000000000000000001000000>;
P_0x55bd8730e310 .param/l "P_M_AXIS_DATA_WIDTH" 0 2 27, +C4<00000000000000000000000001000000>;
P_0x55bd8730e350 .param/l "P_S_AXIS_DATA_WIDTH" 0 2 29, +C4<00000000000000000000001000000000>;
L_0x55bd873444e0 .functor NOT 1, v0x55bd873335c0_0, C4<0>, C4<0>, C4<0>;
L_0x7f49e2a5d018 .functor BUFT 1, C4<1111111111111111111111111111111111111111111111111111111111111111>, C4<0>, C4<0>, C4<0>;
v0x55bd87332c20_0 .net/2u *"_ivl_4", 63 0, L_0x7f49e2a5d018;  1 drivers
v0x55bd87332d20_0 .var "clk", 0 0;
v0x55bd87332de0_0 .var "en", 0 0;
v0x55bd87332eb0_0 .var "finished", 0 0;
v0x55bd87332f50_0 .var "keep", 63 0;
v0x55bd87333010_0 .var "last", 7 0;
v0x55bd873330f0_0 .var "modify", 511 0;
v0x55bd873331d0_0 .var "r_tdata", 511 0;
v0x55bd87333290_0 .net "r_tkeep", 63 0, L_0x55bd87343c60;  1 drivers
v0x55bd87333350_0 .net "r_tlast", 0 0, L_0x55bd87333ae0;  1 drivers
v0x55bd87333420_0 .net "r_tready", 0 0, v0x55bd87332420_0;  1 drivers
v0x55bd873334f0_0 .net "r_tvalid", 0 0, L_0x55bd87333a40;  1 drivers
v0x55bd873335c0_0 .var "reset", 0 0;
v0x55bd87333660_0 .net "t_tdata", 63 0, L_0x55bd872af610;  1 drivers
v0x55bd87333730_0 .net "t_tlast", 0 0, v0x55bd87331ec0_0;  1 drivers
v0x55bd87333800_0 .var "t_tready", 0 0;
v0x55bd873338d0_0 .net "t_tvalid", 0 0, v0x55bd87332040_0;  1 drivers
v0x55bd873339a0_0 .var "valid", 7 0;
L_0x55bd87333a40 .part v0x55bd873339a0_0, 0, 1;
L_0x55bd87333ae0 .part v0x55bd87333010_0, 0, 1;
L_0x55bd87343c60 .functor MUXZ 64, L_0x7f49e2a5d018, v0x55bd87332f50_0, L_0x55bd87333ae0, C4<>;
S_0x55bd8730e6b0 .scope function.vec4.u32, "log2" "log2" 2 32, 2 32 0, S_0x55bd8730da90;
 .timescale -9 -12;
; Variable log2 is vec4 return value of scope S_0x55bd8730e6b0
v0x55bd872812f0_0 .var/i "number", 31 0;
TD_wt_unit_tb.log2 ;
    %pushi/vec4 0, 0, 32;
    %ret/vec4 0, 0, 32;  Assign to log2 (store_vec4_to_lval)
T_0.0 ;
    %pushi/vec4 2, 0, 32;
    %retload/vec4 0; Load log2 (draw_signal_vec4)
    %pow/s;
    %load/vec4 v0x55bd872812f0_0;
    %cmp/s;
    %jmp/0xz T_0.1, 5;
    %retload/vec4 0; Load log2 (draw_signal_vec4)
    %addi 1, 0, 32;
    %ret/vec4 0, 0, 32;  Assign to log2 (store_vec4_to_lval)
    %jmp T_0.0;
T_0.1 ;
    %end;
S_0x55bd8732f6b0 .scope module, "wt_ut" "wt_unit" 2 126, 3 24 0, S_0x55bd8730da90;
 .timescale -9 -12;
    .port_info 0 /INPUT 1 "axi_aclk";
    .port_info 1 /INPUT 1 "axi_resetn";
    .port_info 2 /INPUT 2 "sha_type";
    .port_info 3 /INPUT 1 "en";
    .port_info 4 /OUTPUT 64 "m_axis_tdata";
    .port_info 5 /OUTPUT 1 "m_axis_tvalid";
    .port_info 6 /INPUT 1 "m_axis_tready";
    .port_info 7 /OUTPUT 1 "m_axis_tlast";
    .port_info 8 /INPUT 512 "s_axis_tdata";
    .port_info 9 /INPUT 1 "s_axis_tvalid";
    .port_info 10 /OUTPUT 1 "s_axis_tready";
    .port_info 11 /INPUT 1 "s_axis_tlast";
P_0x55bd8732f8b0 .param/l "BLOCK1024_L" 1 3 145, +C4<00000000000000000000000000000011>;
P_0x55bd8732f8f0 .param/l "BLOCK1024_R" 1 3 144, +C4<00000000000000000000000000000010>;
P_0x55bd8732f930 .param/l "BLOCK512" 1 3 143, +C4<00000000000000000000000000000001>;
P_0x55bd8732f970 .param/l "DATA_BLOCK_REG_WIDTH" 0 3 29, +C4<00000000000000000000001000000000>;
P_0x55bd8732f9b0 .param/l "IDLE" 1 3 142, +C4<00000000000000000000000000000000>;
P_0x55bd8732f9f0 .param/l "L_REG_WT_LENGTH" 1 3 56, +C4<00000000000000000000000000100000>;
P_0x55bd8732fa30 .param/l "REG_WT_LR_LENGTH" 1 3 55, +C4<00000000000000000000000001000000>;
P_0x55bd8732fa70 .param/l "REG_WT_R_LENGTH" 1 3 54, +C4<00000000000000000000000000100000>;
P_0x55bd8732fab0 .param/l "R_REG_WT_LENGTH" 1 3 57, +C4<00000000000000000000000000100000>;
P_0x55bd8732faf0 .param/l "TRANSF1024" 1 3 147, +C4<00000000000000000000000000000101>;
P_0x55bd8732fb30 .param/l "TRANSF512" 1 3 146, +C4<00000000000000000000000000000100>;
P_0x55bd8732fb70 .param/l "WT_LENGTH" 1 3 58, +C4<00000000000000000000000000010000>;
P_0x55bd8732fbb0 .param/l "WT_M_AXIS_DATA_WIDTH" 0 3 27, +C4<00000000000000000000000001000000>;
P_0x55bd8732fbf0 .param/l "WT_S_AXIS_DATA_WIDTH" 0 3 28, +C4<00000000000000000000001000000000>;
v0x55bd87330fa0_0 .array/port v0x55bd87330fa0, 0;
L_0x55bd872f5df0 .functor BUFZ 64, v0x55bd87330fa0_0, C4<0000000000000000000000000000000000000000000000000000000000000000>, C4<0000000000000000000000000000000000000000000000000000000000000000>, C4<0000000000000000000000000000000000000000000000000000000000000000>;
L_0x55bd872af610 .functor BUFZ 64, v0x55bd87330fa0_0, C4<0000000000000000000000000000000000000000000000000000000000000000>, C4<0000000000000000000000000000000000000000000000000000000000000000>, C4<0000000000000000000000000000000000000000000000000000000000000000>;
L_0x55bd87343e80 .functor AND 1, v0x55bd87333800_0, v0x55bd87332040_0, C4<1>, C4<1>;
L_0x55bd87344030 .functor NOT 1, L_0x55bd87343f90, C4<0>, C4<0>, C4<0>;
L_0x55bd87344120 .functor OR 1, L_0x55bd87344030, v0x55bd873329e0_0, C4<0>, C4<0>;
L_0x55bd873441e0 .functor AND 1, L_0x55bd87343e80, L_0x55bd87344120, C4<1>, C4<1>;
L_0x55bd87344360 .functor AND 1, v0x55bd87332420_0, L_0x55bd87333a40, C4<1>, C4<1>;
L_0x55bd87344420 .functor NOT 1, L_0x55bd873444e0, C4<0>, C4<0>, C4<0>;
v0x55bd87330fa0 .array "Reg", 0 15, 63 0;
v0x55bd87331280_0 .net "W0_Reg", 63 0, L_0x55bd872f5df0;  1 drivers
v0x55bd87331360_0 .net *"_ivl_10", 0 0, L_0x55bd87344030;  1 drivers
v0x55bd87331420_0 .net *"_ivl_12", 0 0, L_0x55bd87344120;  1 drivers
v0x55bd87331500_0 .net *"_ivl_6", 0 0, L_0x55bd87343e80;  1 drivers
v0x55bd873315e0_0 .net *"_ivl_9", 0 0, L_0x55bd87343f90;  1 drivers
v0x55bd873316c0_0 .net "axi_aclk", 0 0, v0x55bd87332d20_0;  1 drivers
v0x55bd87331780_0 .net "axi_resetn", 0 0, L_0x55bd873444e0;  1 drivers
v0x55bd87331840_0 .var/i "b", 31 0;
L_0x7f49e2a5d0a8 .functor BUFT 1, C4<1>, C4<0>, C4<0>, C4<0>;
v0x55bd87331920_0 .net "en", 0 0, L_0x7f49e2a5d0a8;  1 drivers
v0x55bd873319e0_0 .var "finish", 0 0;
v0x55bd87331aa0_0 .net "hcu_read", 0 0, L_0x55bd873441e0;  1 drivers
v0x55bd87331b60_0 .var/i "i", 31 0;
v0x55bd87331c40_0 .net "load_reg", 0 0, L_0x55bd87344360;  1 drivers
v0x55bd87331d00_0 .var "loopbacks", 6 0;
v0x55bd87331de0_0 .net "m_axis_tdata", 63 0, L_0x55bd872af610;  alias, 1 drivers
v0x55bd87331ec0_0 .var "m_axis_tlast", 0 0;
v0x55bd87331f80_0 .net "m_axis_tready", 0 0, v0x55bd87333800_0;  1 drivers
v0x55bd87332040_0 .var "m_axis_tvalid", 0 0;
v0x55bd87332100_0 .var "m_axis_tvalid_next", 0 0;
v0x55bd873321c0_0 .net "reset", 0 0, L_0x55bd87344420;  1 drivers
v0x55bd87332280_0 .net "s_axis_tdata", 511 0, v0x55bd873331d0_0;  1 drivers
v0x55bd87332360_0 .net "s_axis_tlast", 0 0, L_0x55bd87333ae0;  alias, 1 drivers
v0x55bd87332420_0 .var "s_axis_tready", 0 0;
v0x55bd873324e0_0 .var "s_axis_tready_next", 0 0;
v0x55bd873325a0_0 .net "s_axis_tvalid", 0 0, L_0x55bd87333a40;  alias, 1 drivers
L_0x7f49e2a5d060 .functor BUFT 1, C4<00>, C4<0>, C4<0>, C4<0>;
v0x55bd87332660_0 .net "sha_type", 1 0, L_0x7f49e2a5d060;  1 drivers
v0x55bd87332740_0 .var "sha_type_reg", 1 0;
v0x55bd87332820_0 .var "state", 2 0;
v0x55bd87332900_0 .var "state_next", 2 0;
v0x55bd873329e0_0 .var "step_count", 0 0;
E_0x55bd872d4910 .event posedge, v0x55bd873316c0_0;
E_0x55bd872c9970/0 .event edge, v0x55bd87332820_0, v0x55bd87332420_0, v0x55bd87332040_0, v0x55bd87331920_0;
E_0x55bd872c9970/1 .event edge, v0x55bd87332660_0, v0x55bd873325a0_0, v0x55bd87331d00_0, v0x55bd87331aa0_0;
E_0x55bd872c9970/2 .event edge, v0x55bd873319e0_0;
E_0x55bd872c9970 .event/or E_0x55bd872c9970/0, E_0x55bd872c9970/1, E_0x55bd872c9970/2;
L_0x55bd87343f90 .part v0x55bd87332740_0, 1, 1;
S_0x55bd87330480 .scope begin, "FSM_SEQ" "FSM_SEQ" 3 206, 3 206 0, S_0x55bd8732f6b0;
 .timescale -9 -12;
S_0x55bd87330680 .scope function.vec4.s64, "sigma" "sigma" 3 92, 3 92 0, S_0x55bd8732f6b0;
 .timescale -9 -12;
v0x55bd87281480_0 .var/i "op1", 31 0;
v0x55bd872817c0_0 .var/i "op2", 31 0;
v0x55bd872f5f10_0 .var/i "op3", 31 0;
v0x55bd87330950_0 .var "operation", 0 0;
v0x55bd87330a10_0 .var/i "s1", 31 0;
v0x55bd87330b40_0 .var/i "s2", 31 0;
v0x55bd87330c20_0 .var/i "s3", 31 0;
v0x55bd87330d00_0 .var "sha_type", 1 0;
; Variable sigma is vec4 return value of scope S_0x55bd87330680
v0x55bd87330ec0_0 .var "tempReg", 63 0;
TD_wt_unit_tb.wt_ut.sigma ;
    %load/vec4 v0x55bd87330d00_0;
    %dup/vec4;
    %pushi/vec4 0, 0, 2;
    %cmp/u;
    %jmp/1 T_1.2, 6;
    %dup/vec4;
    %pushi/vec4 1, 0, 2;
    %cmp/u;
    %jmp/1 T_1.3, 6;
    %dup/vec4;
    %pushi/vec4 2, 0, 2;
    %cmp/u;
    %jmp/1 T_1.4, 6;
    %dup/vec4;
    %pushi/vec4 3, 0, 2;
    %cmp/u;
    %jmp/1 T_1.5, 6;
    %jmp T_1.6;
T_1.2 ;
    %load/vec4 v0x55bd87330950_0;
    %flag_set/vec4 8;
    %jmp/0xz  T_1.7, 8;
    %pushi/vec4 10, 0, 32;
    %store/vec4 v0x55bd87330a10_0, 0, 32;
    %pushi/vec4 19, 0, 32;
    %store/vec4 v0x55bd87330b40_0, 0, 32;
    %pushi/vec4 17, 0, 32;
    %store/vec4 v0x55bd87330c20_0, 0, 32;
    %jmp T_1.8;
T_1.7 ;
    %pushi/vec4 3, 0, 32;
    %store/vec4 v0x55bd87330a10_0, 0, 32;
    %pushi/vec4 18, 0, 32;
    %store/vec4 v0x55bd87330b40_0, 0, 32;
    %pushi/vec4 7, 0, 32;
    %store/vec4 v0x55bd87330c20_0, 0, 32;
T_1.8 ;
    %jmp T_1.6;
T_1.3 ;
    %load/vec4 v0x55bd87330950_0;
    %flag_set/vec4 8;
    %jmp/0xz  T_1.9, 8;
    %pushi/vec4 10, 0, 32;
    %store/vec4 v0x55bd87330a10_0, 0, 32;
    %pushi/vec4 19, 0, 32;
    %store/vec4 v0x55bd87330b40_0, 0, 32;
    %pushi/vec4 17, 0, 32;
    %store/vec4 v0x55bd87330c20_0, 0, 32;
    %jmp T_1.10;
T_1.9 ;
    %pushi/vec4 3, 0, 32;
    %store/vec4 v0x55bd87330a10_0, 0, 32;
    %pushi/vec4 18, 0, 32;
    %store/vec4 v0x55bd87330b40_0, 0, 32;
    %pushi/vec4 7, 0, 32;
    %store/vec4 v0x55bd87330c20_0, 0, 32;
T_1.10 ;
    %jmp T_1.6;
T_1.4 ;
    %load/vec4 v0x55bd87330950_0;
    %flag_set/vec4 8;
    %jmp/0xz  T_1.11, 8;
    %pushi/vec4 6, 0, 32;
    %store/vec4 v0x55bd87330a10_0, 0, 32;
    %pushi/vec4 61, 0, 32;
    %store/vec4 v0x55bd87330b40_0, 0, 32;
    %pushi/vec4 19, 0, 32;
    %store/vec4 v0x55bd87330c20_0, 0, 32;
    %jmp T_1.12;
T_1.11 ;
    %pushi/vec4 7, 0, 32;
    %store/vec4 v0x55bd87330a10_0, 0, 32;
    %pushi/vec4 8, 0, 32;
    %store/vec4 v0x55bd87330b40_0, 0, 32;
    %pushi/vec4 1, 0, 32;
    %store/vec4 v0x55bd87330c20_0, 0, 32;
T_1.12 ;
    %jmp T_1.6;
T_1.5 ;
    %load/vec4 v0x55bd87330950_0;
    %flag_set/vec4 8;
    %jmp/0xz  T_1.13, 8;
    %pushi/vec4 6, 0, 32;
    %store/vec4 v0x55bd87330a10_0, 0, 32;
    %pushi/vec4 61, 0, 32;
    %store/vec4 v0x55bd87330b40_0, 0, 32;
    %pushi/vec4 19, 0, 32;
    %store/vec4 v0x55bd87330c20_0, 0, 32;
    %jmp T_1.14;
T_1.13 ;
    %pushi/vec4 7, 0, 32;
    %store/vec4 v0x55bd87330a10_0, 0, 32;
    %pushi/vec4 8, 0, 32;
    %store/vec4 v0x55bd87330b40_0, 0, 32;
    %pushi/vec4 1, 0, 32;
    %store/vec4 v0x55bd87330c20_0, 0, 32;
T_1.14 ;
    %jmp T_1.6;
T_1.6 ;
    %pop/vec4 1;
    %load/vec4 v0x55bd87330ec0_0;
    %load/vec4 v0x55bd87330a10_0;
    %ix/vec4 4;
    %shiftr 4;
    %pad/u 32;
    %store/vec4 v0x55bd87281480_0, 0, 32;
    %load/vec4 v0x55bd87330d00_0;
    %parti/s 1, 1, 2;
    %flag_set/vec4 8;
    %jmp/0xz  T_1.15, 8;
    %load/vec4 v0x55bd87330ec0_0;
    %load/vec4 v0x55bd87330b40_0;
    %ix/vec4 4;
    %shiftr 4;
    %load/vec4 v0x55bd87330ec0_0;
    %pushi/vec4 32, 0, 32;
    %load/vec4 v0x55bd87330b40_0;
    %sub;
    %ix/vec4 4;
    %shiftl 4;
    %or;
    %pad/u 32;
    %store/vec4 v0x55bd872817c0_0, 0, 32;
    %load/vec4 v0x55bd87330ec0_0;
    %load/vec4 v0x55bd87330c20_0;
    %ix/vec4 4;
    %shiftr 4;
    %load/vec4 v0x55bd87330ec0_0;
    %pushi/vec4 32, 0, 32;
    %load/vec4 v0x55bd87330c20_0;
    %sub;
    %ix/vec4 4;
    %shiftl 4;
    %or;
    %pad/u 32;
    %store/vec4 v0x55bd872f5f10_0, 0, 32;
    %jmp T_1.16;
T_1.15 ;
    %load/vec4 v0x55bd87330ec0_0;
    %load/vec4 v0x55bd87330b40_0;
    %ix/vec4 4;
    %shiftr 4;
    %load/vec4 v0x55bd87330ec0_0;
    %pushi/vec4 64, 0, 32;
    %load/vec4 v0x55bd87330b40_0;
    %sub;
    %ix/vec4 4;
    %shiftl 4;
    %or;
    %pad/u 32;
    %store/vec4 v0x55bd872817c0_0, 0, 32;
    %load/vec4 v0x55bd87330ec0_0;
    %load/vec4 v0x55bd87330c20_0;
    %ix/vec4 4;
    %shiftr 4;
    %load/vec4 v0x55bd87330ec0_0;
    %pushi/vec4 64, 0, 32;
    %load/vec4 v0x55bd87330c20_0;
    %sub;
    %ix/vec4 4;
    %shiftl 4;
    %or;
    %pad/u 32;
    %store/vec4 v0x55bd872f5f10_0, 0, 32;
T_1.16 ;
    %load/vec4 v0x55bd87281480_0;
    %pad/s 64;
    %load/vec4 v0x55bd872817c0_0;
    %pad/s 64;
    %xor;
    %load/vec4 v0x55bd872f5f10_0;
    %pad/s 64;
    %xor;
    %ret/vec4 0, 0, 64;  Assign to sigma (store_vec4_to_lval)
    %end;
    .scope S_0x55bd8732f6b0;
T_2 ;
    %pushi/vec4 0, 0, 1;
    %store/vec4 v0x55bd87332040_0, 0, 1;
    %pushi/vec4 0, 0, 1;
    %store/vec4 v0x55bd87332420_0, 0, 1;
    %pushi/vec4 0, 0, 3;
    %store/vec4 v0x55bd87332820_0, 0, 3;
    %end;
    .thread T_2;
    .scope S_0x55bd8732f6b0;
T_3 ;
    %wait E_0x55bd872c9970;
    %load/vec4 v0x55bd87332820_0;
    %store/vec4 v0x55bd87332900_0, 0, 3;
    %load/vec4 v0x55bd87332420_0;
    %store/vec4 v0x55bd873324e0_0, 0, 1;
    %load/vec4 v0x55bd87332040_0;
    %store/vec4 v0x55bd87332100_0, 0, 1;
    %load/vec4 v0x55bd87332820_0;
    %dup/vec4;
    %pushi/vec4 0, 0, 3;
    %cmp/u;
    %jmp/1 T_3.0, 6;
    %dup/vec4;
    %pushi/vec4 1, 0, 3;
    %cmp/u;
    %jmp/1 T_3.1, 6;
    %dup/vec4;
    %pushi/vec4 4, 0, 3;
    %cmp/u;
    %jmp/1 T_3.2, 6;
    %dup/vec4;
    %pushi/vec4 2, 0, 3;
    %cmp/u;
    %jmp/1 T_3.3, 6;
    %dup/vec4;
    %pushi/vec4 3, 0, 3;
    %cmp/u;
    %jmp/1 T_3.4, 6;
    %dup/vec4;
    %pushi/vec4 5, 0, 3;
    %cmp/u;
    %jmp/1 T_3.5, 6;
    %jmp T_3.6;
T_3.0 ;
    %load/vec4 v0x55bd87331920_0;
    %flag_set/vec4 8;
    %jmp/0xz  T_3.7, 8;
    %pushi/vec4 1, 0, 1;
    %store/vec4 v0x55bd873324e0_0, 0, 1;
    %load/vec4 v0x55bd87332660_0;
    %parti/s 1, 1, 2;
    %flag_set/vec4 8;
    %jmp/0xz  T_3.9, 8;
    %pushi/vec4 2, 0, 3;
    %store/vec4 v0x55bd87332900_0, 0, 3;
    %jmp T_3.10;
T_3.9 ;
    %pushi/vec4 1, 0, 3;
    %store/vec4 v0x55bd87332900_0, 0, 3;
T_3.10 ;
T_3.7 ;
    %jmp T_3.6;
T_3.1 ;
    %load/vec4 v0x55bd873325a0_0;
    %flag_set/vec4 8;
    %jmp/0xz  T_3.11, 8;
    %pushi/vec4 0, 0, 1;
    %store/vec4 v0x55bd873324e0_0, 0, 1;
    %pushi/vec4 1, 0, 1;
    %store/vec4 v0x55bd87332100_0, 0, 1;
    %pushi/vec4 4, 0, 3;
    %store/vec4 v0x55bd87332900_0, 0, 3;
T_3.11 ;
    %jmp T_3.6;
T_3.2 ;
    %load/vec4 v0x55bd87331d00_0;
    %pad/u 32;
    %pushi/vec4 63, 0, 32;
    %cmp/e;
    %flag_get/vec4 4;
    %load/vec4 v0x55bd87331aa0_0;
    %and;
    %flag_set/vec4 8;
    %jmp/0xz  T_3.13, 8;
    %pushi/vec4 0, 0, 1;
    %store/vec4 v0x55bd87332100_0, 0, 1;
    %load/vec4 v0x55bd873319e0_0;
    %flag_set/vec4 8;
    %jmp/0xz  T_3.15, 8;
    %pushi/vec4 0, 0, 3;
    %store/vec4 v0x55bd87332900_0, 0, 3;
    %jmp T_3.16;
T_3.15 ;
    %pushi/vec4 1, 0, 1;
    %store/vec4 v0x55bd873324e0_0, 0, 1;
    %pushi/vec4 1, 0, 3;
    %store/vec4 v0x55bd87332900_0, 0, 3;
T_3.16 ;
T_3.13 ;
    %jmp T_3.6;
T_3.3 ;
    %load/vec4 v0x55bd873325a0_0;
    %flag_set/vec4 8;
    %jmp/0xz  T_3.17, 8;
    %pushi/vec4 3, 0, 3;
    %store/vec4 v0x55bd87332900_0, 0, 3;
T_3.17 ;
    %jmp T_3.6;
T_3.4 ;
    %load/vec4 v0x55bd873325a0_0;
    %flag_set/vec4 8;
    %jmp/0xz  T_3.19, 8;
    %pushi/vec4 0, 0, 1;
    %store/vec4 v0x55bd873324e0_0, 0, 1;
    %pushi/vec4 1, 0, 1;
    %store/vec4 v0x55bd87332100_0, 0, 1;
    %pushi/vec4 5, 0, 3;
    %store/vec4 v0x55bd87332900_0, 0, 3;
T_3.19 ;
    %jmp T_3.6;
T_3.5 ;
    %load/vec4 v0x55bd87331d00_0;
    %pad/u 32;
    %pushi/vec4 79, 0, 32;
    %cmp/e;
    %flag_get/vec4 4;
    %load/vec4 v0x55bd87331aa0_0;
    %and;
    %flag_set/vec4 8;
    %jmp/0xz  T_3.21, 8;
    %pushi/vec4 0, 0, 1;
    %store/vec4 v0x55bd87332100_0, 0, 1;
    %load/vec4 v0x55bd873319e0_0;
    %flag_set/vec4 8;
    %jmp/0xz  T_3.23, 8;
    %pushi/vec4 0, 0, 3;
    %store/vec4 v0x55bd87332900_0, 0, 3;
    %jmp T_3.24;
T_3.23 ;
    %pushi/vec4 1, 0, 1;
    %store/vec4 v0x55bd873324e0_0, 0, 1;
    %pushi/vec4 2, 0, 3;
    %store/vec4 v0x55bd87332900_0, 0, 3;
T_3.24 ;
T_3.21 ;
    %jmp T_3.6;
T_3.6 ;
    %pop/vec4 1;
    %jmp T_3;
    .thread T_3, $push;
    .scope S_0x55bd8732f6b0;
T_4 ;
    %wait E_0x55bd872d4910;
    %fork t_1, S_0x55bd87330480;
    %jmp t_0;
    .scope S_0x55bd87330480;
t_1 ;
    %load/vec4 v0x55bd873321c0_0;
    %flag_set/vec4 8;
    %jmp/0xz  T_4.0, 8;
    %pushi/vec4 0, 0, 3;
    %assign/vec4 v0x55bd87332820_0, 0;
    %jmp T_4.1;
T_4.0 ;
    %load/vec4 v0x55bd87332900_0;
    %assign/vec4 v0x55bd87332820_0, 0;
    %load/vec4 v0x55bd873324e0_0;
    %assign/vec4 v0x55bd87332420_0, 0;
    %load/vec4 v0x55bd87332100_0;
    %assign/vec4 v0x55bd87332040_0, 0;
T_4.1 ;
    %end;
    .scope S_0x55bd8732f6b0;
t_0 %join;
    %jmp T_4;
    .thread T_4;
    .scope S_0x55bd8732f6b0;
T_5 ;
    %wait E_0x55bd872d4910;
    %load/vec4 v0x55bd873321c0_0;
    %flag_set/vec4 8;
    %jmp/0xz  T_5.0, 8;
    %pushi/vec4 0, 0, 1;
    %assign/vec4 v0x55bd87331ec0_0, 0;
    %pushi/vec4 0, 0, 2;
    %assign/vec4 v0x55bd87332740_0, 0;
    %pushi/vec4 0, 0, 32;
    %store/vec4 v0x55bd87331b60_0, 0, 32;
T_5.2 ;
    %load/vec4 v0x55bd87331b60_0;
    %cmpi/s 16, 0, 32;
    %jmp/0xz T_5.3, 5;
    %pushi/vec4 0, 0, 64;
    %ix/getv/s 3, v0x55bd87331b60_0;
    %ix/load 4, 0, 0; Constant delay
    %assign/vec4/a/d v0x55bd87330fa0, 0, 4;
    %load/vec4 v0x55bd87331b60_0;
    %addi 1, 0, 32;
    %store/vec4 v0x55bd87331b60_0, 0, 32;
    %jmp T_5.2;
T_5.3 ;
    %jmp T_5.1;
T_5.0 ;
    %load/vec4 v0x55bd87332820_0;
    %dup/vec4;
    %pushi/vec4 0, 0, 3;
    %cmp/u;
    %jmp/1 T_5.4, 6;
    %dup/vec4;
    %pushi/vec4 1, 0, 3;
    %cmp/u;
    %jmp/1 T_5.5, 6;
    %dup/vec4;
    %pushi/vec4 4, 0, 3;
    %cmp/u;
    %jmp/1 T_5.6, 6;
    %dup/vec4;
    %pushi/vec4 3, 0, 3;
    %cmp/u;
    %jmp/1 T_5.7, 6;
    %dup/vec4;
    %pushi/vec4 2, 0, 3;
    %cmp/u;
    %jmp/1 T_5.8, 6;
    %dup/vec4;
    %pushi/vec4 5, 0, 3;
    %cmp/u;
    %jmp/1 T_5.9, 6;
    %jmp T_5.10;
T_5.4 ;
    %pushi/vec4 0, 0, 1;
    %assign/vec4 v0x55bd873319e0_0, 0;
    %pushi/vec4 0, 0, 1;
    %assign/vec4 v0x55bd87331ec0_0, 0;
    %pushi/vec4 0, 0, 1;
    %assign/vec4 v0x55bd87332040_0, 0;
    %load/vec4 v0x55bd87331920_0;
    %flag_set/vec4 8;
    %jmp/0xz  T_5.11, 8;
    %load/vec4 v0x55bd87332660_0;
    %assign/vec4 v0x55bd87332740_0, 0;
T_5.11 ;
    %pushi/vec4 0, 0, 32;
    %store/vec4 v0x55bd87331b60_0, 0, 32;
T_5.13 ;
    %load/vec4 v0x55bd87331b60_0;
    %cmpi/s 16, 0, 32;
    %jmp/0xz T_5.14, 5;
    %pushi/vec4 0, 0, 64;
    %ix/getv/s 3, v0x55bd87331b60_0;
    %ix/load 4, 0, 0; Constant delay
    %assign/vec4/a/d v0x55bd87330fa0, 0, 4;
    %load/vec4 v0x55bd87331b60_0;
    %addi 1, 0, 32;
    %store/vec4 v0x55bd87331b60_0, 0, 32;
    %jmp T_5.13;
T_5.14 ;
    %jmp T_5.10;
T_5.5 ;
    %load/vec4 v0x55bd87331c40_0;
    %load/vec4 v0x55bd873319e0_0;
    %inv;
    %and;
    %flag_set/vec4 8;
    %jmp/0xz  T_5.15, 8;
    %pushi/vec4 0, 0, 32;
    %store/vec4 v0x55bd87331b60_0, 0, 32;
T_5.17 ;
    %load/vec4 v0x55bd87331b60_0;
    %cmpi/s 16, 0, 32;
    %jmp/0xz T_5.18, 5;
    %load/vec4 v0x55bd87331b60_0;
    %muli 32, 0, 32;
    %store/vec4 v0x55bd87331840_0, 0, 32;
    %pushi/vec4 255, 0, 512;
    %load/vec4 v0x55bd87332280_0;
    %load/vec4 v0x55bd87331840_0;
    %ix/vec4 4;
    %shiftr 4;
    %and;
    %pad/u 8;
    %ix/getv/s 3, v0x55bd87331b60_0;
    %ix/load 4, 24, 0; part off
    %ix/load 5, 0, 0; Constant delay
    %assign/vec4/a/d v0x55bd87330fa0, 4, 5;
    %pushi/vec4 255, 0, 512;
    %load/vec4 v0x55bd87332280_0;
    %load/vec4 v0x55bd87331840_0;
    %addi 8, 0, 32;
    %ix/vec4 4;
    %shiftr 4;
    %and;
    %pad/u 8;
    %ix/getv/s 3, v0x55bd87331b60_0;
    %ix/load 4, 16, 0; part off
    %ix/load 5, 0, 0; Constant delay
    %assign/vec4/a/d v0x55bd87330fa0, 4, 5;
    %pushi/vec4 255, 0, 512;
    %load/vec4 v0x55bd87332280_0;
    %load/vec4 v0x55bd87331840_0;
    %addi 16, 0, 32;
    %ix/vec4 4;
    %shiftr 4;
    %and;
    %pad/u 8;
    %ix/getv/s 3, v0x55bd87331b60_0;
    %ix/load 4, 8, 0; part off
    %ix/load 5, 0, 0; Constant delay
    %assign/vec4/a/d v0x55bd87330fa0, 4, 5;
    %pushi/vec4 255, 0, 512;
    %load/vec4 v0x55bd87332280_0;
    %load/vec4 v0x55bd87331840_0;
    %addi 24, 0, 32;
    %ix/vec4 4;
    %shiftr 4;
    %and;
    %pad/u 8;
    %ix/getv/s 3, v0x55bd87331b60_0;
    %ix/load 4, 0, 0; Constant delay
    %assign/vec4/a/d v0x55bd87330fa0, 0, 4;
    %load/vec4 v0x55bd87331b60_0;
    %addi 1, 0, 32;
    %store/vec4 v0x55bd87331b60_0, 0, 32;
    %jmp T_5.17;
T_5.18 ;
    %load/vec4 v0x55bd87332360_0;
    %flag_set/vec4 8;
    %jmp/0xz  T_5.19, 8;
    %pushi/vec4 1, 0, 1;
    %assign/vec4 v0x55bd873319e0_0, 0;
T_5.19 ;
T_5.15 ;
    %jmp T_5.10;
T_5.6 ;
    %load/vec4 v0x55bd87331aa0_0;
    %flag_set/vec4 8;
    %jmp/0xz  T_5.21, 8;
    %load/vec4 v0x55bd873319e0_0;
    %load/vec4 v0x55bd87331d00_0;
    %pad/u 32;
    %pushi/vec4 62, 0, 32;
    %cmp/e;
    %flag_get/vec4 4;
    %and;
    %flag_set/vec4 8;
    %jmp/0xz  T_5.23, 8;
    %pushi/vec4 1, 0, 1;
    %assign/vec4 v0x55bd87331ec0_0, 0;
T_5.23 ;
    %load/vec4 v0x55bd87331d00_0;
    %addi 1, 0, 7;
    %assign/vec4 v0x55bd87331d00_0, 0;
    %pushi/vec4 0, 0, 32;
    %store/vec4 v0x55bd87331b60_0, 0, 32;
T_5.25 ;
    %load/vec4 v0x55bd87331b60_0;
    %cmpi/s 15, 0, 32;
    %jmp/0xz T_5.26, 5;
    %load/vec4 v0x55bd87331b60_0;
    %pad/s 33;
    %addi 1, 0, 33;
    %ix/vec4/s 4;
    %load/vec4a v0x55bd87330fa0, 4;
    %ix/getv/s 3, v0x55bd87331b60_0;
    %ix/load 4, 0, 0; Constant delay
    %assign/vec4/a/d v0x55bd87330fa0, 0, 4;
    %load/vec4 v0x55bd87331b60_0;
    %addi 1, 0, 32;
    %store/vec4 v0x55bd87331b60_0, 0, 32;
    %jmp T_5.25;
T_5.26 ;
    %pushi/vec4 4294967295, 0, 64;
    %ix/load 4, 1, 0;
    %flag_set/imm 4, 0;
    %load/vec4a v0x55bd87330fa0, 4;
    %parti/s 32, 0, 2;
    %pad/u 64;
    %load/vec4 v0x55bd87332740_0;
    %pushi/vec4 0, 0, 1;
    %store/vec4 v0x55bd87330950_0, 0, 1;
    %store/vec4 v0x55bd87330d00_0, 0, 2;
    %store/vec4 v0x55bd87330ec0_0, 0, 64;
    %callf/vec4 TD_wt_unit_tb.wt_ut.sigma, S_0x55bd87330680;
    %ix/load 4, 7, 0;
    %flag_set/imm 4, 0;
    %load/vec4a v0x55bd87330fa0, 4;
    %parti/s 32, 0, 2;
    %pad/u 64;
    %or;
    %ix/load 4, 14, 0;
    %flag_set/imm 4, 0;
    %load/vec4a v0x55bd87330fa0, 4;
    %parti/s 32, 0, 2;
    %pad/u 64;
    %load/vec4 v0x55bd87332740_0;
    %pushi/vec4 1, 0, 1;
    %store/vec4 v0x55bd87330950_0, 0, 1;
    %store/vec4 v0x55bd87330d00_0, 0, 2;
    %store/vec4 v0x55bd87330ec0_0, 0, 64;
    %callf/vec4 TD_wt_unit_tb.wt_ut.sigma, S_0x55bd87330680;
    %or;
    %or/r;
    %pad/u 64;
    %and;
    %ix/load 3, 15, 0;
    %flag_set/imm 4, 0;
    %ix/load 4, 0, 0; Constant delay
    %assign/vec4/a/d v0x55bd87330fa0, 0, 4;
T_5.21 ;
    %jmp T_5.10;
T_5.7 ;
    %load/vec4 v0x55bd87331c40_0;
    %load/vec4 v0x55bd873319e0_0;
    %inv;
    %and;
    %flag_set/vec4 8;
    %jmp/0xz  T_5.27, 8;
    %pushi/vec4 0, 0, 32;
    %store/vec4 v0x55bd87331b60_0, 0, 32;
T_5.29 ;
    %load/vec4 v0x55bd87331b60_0;
    %cmpi/s 8, 0, 32;
    %jmp/0xz T_5.30, 5;
    %load/vec4 v0x55bd87331b60_0;
    %muli 64, 0, 32;
    %store/vec4 v0x55bd87331840_0, 0, 32;
    %pushi/vec4 255, 0, 512;
    %load/vec4 v0x55bd87332280_0;
    %load/vec4 v0x55bd87331840_0;
    %ix/vec4 4;
    %shiftr 4;
    %and;
    %pad/u 8;
    %ix/getv/s 3, v0x55bd87331b60_0;
    %ix/load 4, 56, 0; part off
    %ix/load 5, 0, 0; Constant delay
    %assign/vec4/a/d v0x55bd87330fa0, 4, 5;
    %pushi/vec4 255, 0, 512;
    %load/vec4 v0x55bd87332280_0;
    %load/vec4 v0x55bd87331840_0;
    %addi 8, 0, 32;
    %ix/vec4 4;
    %shiftr 4;
    %and;
    %pad/u 8;
    %ix/getv/s 3, v0x55bd87331b60_0;
    %ix/load 4, 48, 0; part off
    %ix/load 5, 0, 0; Constant delay
    %assign/vec4/a/d v0x55bd87330fa0, 4, 5;
    %pushi/vec4 255, 0, 512;
    %load/vec4 v0x55bd87332280_0;
    %load/vec4 v0x55bd87331840_0;
    %addi 16, 0, 32;
    %ix/vec4 4;
    %shiftr 4;
    %and;
    %pad/u 8;
    %ix/getv/s 3, v0x55bd87331b60_0;
    %ix/load 4, 40, 0; part off
    %ix/load 5, 0, 0; Constant delay
    %assign/vec4/a/d v0x55bd87330fa0, 4, 5;
    %pushi/vec4 255, 0, 512;
    %load/vec4 v0x55bd87332280_0;
    %load/vec4 v0x55bd87331840_0;
    %addi 24, 0, 32;
    %ix/vec4 4;
    %shiftr 4;
    %and;
    %pad/u 8;
    %ix/getv/s 3, v0x55bd87331b60_0;
    %ix/load 4, 32, 0; part off
    %ix/load 5, 0, 0; Constant delay
    %assign/vec4/a/d v0x55bd87330fa0, 4, 5;
    %pushi/vec4 255, 0, 512;
    %load/vec4 v0x55bd87332280_0;
    %load/vec4 v0x55bd87331840_0;
    %addi 32, 0, 32;
    %ix/vec4 4;
    %shiftr 4;
    %and;
    %pad/u 8;
    %ix/getv/s 3, v0x55bd87331b60_0;
    %ix/load 4, 24, 0; part off
    %ix/load 5, 0, 0; Constant delay
    %assign/vec4/a/d v0x55bd87330fa0, 4, 5;
    %pushi/vec4 255, 0, 512;
    %load/vec4 v0x55bd87332280_0;
    %load/vec4 v0x55bd87331840_0;
    %addi 40, 0, 32;
    %ix/vec4 4;
    %shiftr 4;
    %and;
    %pad/u 8;
    %ix/getv/s 3, v0x55bd87331b60_0;
    %ix/load 4, 16, 0; part off
    %ix/load 5, 0, 0; Constant delay
    %assign/vec4/a/d v0x55bd87330fa0, 4, 5;
    %pushi/vec4 255, 0, 512;
    %load/vec4 v0x55bd87332280_0;
    %load/vec4 v0x55bd87331840_0;
    %addi 48, 0, 32;
    %ix/vec4 4;
    %shiftr 4;
    %and;
    %pad/u 8;
    %ix/getv/s 3, v0x55bd87331b60_0;
    %ix/load 4, 8, 0; part off
    %ix/load 5, 0, 0; Constant delay
    %assign/vec4/a/d v0x55bd87330fa0, 4, 5;
    %pushi/vec4 255, 0, 512;
    %load/vec4 v0x55bd87332280_0;
    %load/vec4 v0x55bd87331840_0;
    %addi 56, 0, 32;
    %ix/vec4 4;
    %shiftr 4;
    %and;
    %pad/u 8;
    %ix/getv/s 3, v0x55bd87331b60_0;
    %ix/load 4, 0, 0; Constant delay
    %assign/vec4/a/d v0x55bd87330fa0, 0, 4;
    %load/vec4 v0x55bd87331b60_0;
    %addi 1, 0, 32;
    %store/vec4 v0x55bd87331b60_0, 0, 32;
    %jmp T_5.29;
T_5.30 ;
T_5.27 ;
    %jmp T_5.10;
T_5.8 ;
    %load/vec4 v0x55bd87331c40_0;
    %load/vec4 v0x55bd873319e0_0;
    %inv;
    %and;
    %flag_set/vec4 8;
    %jmp/0xz  T_5.31, 8;
    %pushi/vec4 0, 0, 32;
    %store/vec4 v0x55bd87331b60_0, 0, 32;
T_5.33 ;
    %load/vec4 v0x55bd87331b60_0;
    %cmpi/s 8, 0, 32;
    %jmp/0xz T_5.34, 5;
    %load/vec4 v0x55bd87331b60_0;
    %muli 64, 0, 32;
    %store/vec4 v0x55bd87331840_0, 0, 32;
    %pushi/vec4 255, 0, 512;
    %load/vec4 v0x55bd87332280_0;
    %load/vec4 v0x55bd87331840_0;
    %ix/vec4 4;
    %shiftr 4;
    %and;
    %pad/u 8;
    %load/vec4 v0x55bd87331b60_0;
    %pad/s 33;
    %addi 8, 0, 33;
    %ix/vec4/s 3;
    %ix/load 4, 56, 0; part off
    %ix/load 5, 0, 0; Constant delay
    %assign/vec4/a/d v0x55bd87330fa0, 4, 5;
    %pushi/vec4 255, 0, 512;
    %load/vec4 v0x55bd87332280_0;
    %load/vec4 v0x55bd87331840_0;
    %addi 8, 0, 32;
    %ix/vec4 4;
    %shiftr 4;
    %and;
    %pad/u 8;
    %load/vec4 v0x55bd87331b60_0;
    %pad/s 33;
    %addi 8, 0, 33;
    %ix/vec4/s 3;
    %ix/load 4, 48, 0; part off
    %ix/load 5, 0, 0; Constant delay
    %assign/vec4/a/d v0x55bd87330fa0, 4, 5;
    %pushi/vec4 255, 0, 512;
    %load/vec4 v0x55bd87332280_0;
    %load/vec4 v0x55bd87331840_0;
    %addi 16, 0, 32;
    %ix/vec4 4;
    %shiftr 4;
    %and;
    %pad/u 8;
    %load/vec4 v0x55bd87331b60_0;
    %pad/s 33;
    %addi 8, 0, 33;
    %ix/vec4/s 3;
    %ix/load 4, 40, 0; part off
    %ix/load 5, 0, 0; Constant delay
    %assign/vec4/a/d v0x55bd87330fa0, 4, 5;
    %pushi/vec4 255, 0, 512;
    %load/vec4 v0x55bd87332280_0;
    %load/vec4 v0x55bd87331840_0;
    %addi 24, 0, 32;
    %ix/vec4 4;
    %shiftr 4;
    %and;
    %pad/u 8;
    %load/vec4 v0x55bd87331b60_0;
    %pad/s 33;
    %addi 8, 0, 33;
    %ix/vec4/s 3;
    %ix/load 4, 32, 0; part off
    %ix/load 5, 0, 0; Constant delay
    %assign/vec4/a/d v0x55bd87330fa0, 4, 5;
    %pushi/vec4 255, 0, 512;
    %load/vec4 v0x55bd87332280_0;
    %load/vec4 v0x55bd87331840_0;
    %addi 32, 0, 32;
    %ix/vec4 4;
    %shiftr 4;
    %and;
    %pad/u 8;
    %load/vec4 v0x55bd87331b60_0;
    %pad/s 33;
    %addi 8, 0, 33;
    %ix/vec4/s 3;
    %ix/load 4, 24, 0; part off
    %ix/load 5, 0, 0; Constant delay
    %assign/vec4/a/d v0x55bd87330fa0, 4, 5;
    %pushi/vec4 255, 0, 512;
    %load/vec4 v0x55bd87332280_0;
    %load/vec4 v0x55bd87331840_0;
    %addi 40, 0, 32;
    %ix/vec4 4;
    %shiftr 4;
    %and;
    %pad/u 8;
    %load/vec4 v0x55bd87331b60_0;
    %pad/s 33;
    %addi 8, 0, 33;
    %ix/vec4/s 3;
    %ix/load 4, 16, 0; part off
    %ix/load 5, 0, 0; Constant delay
    %assign/vec4/a/d v0x55bd87330fa0, 4, 5;
    %pushi/vec4 255, 0, 512;
    %load/vec4 v0x55bd87332280_0;
    %load/vec4 v0x55bd87331840_0;
    %addi 48, 0, 32;
    %ix/vec4 4;
    %shiftr 4;
    %and;
    %pad/u 8;
    %load/vec4 v0x55bd87331b60_0;
    %pad/s 33;
    %addi 8, 0, 33;
    %ix/vec4/s 3;
    %ix/load 4, 8, 0; part off
    %ix/load 5, 0, 0; Constant delay
    %assign/vec4/a/d v0x55bd87330fa0, 4, 5;
    %pushi/vec4 255, 0, 512;
    %load/vec4 v0x55bd87332280_0;
    %load/vec4 v0x55bd87331840_0;
    %addi 56, 0, 32;
    %ix/vec4 4;
    %shiftr 4;
    %and;
    %pad/u 8;
    %load/vec4 v0x55bd87331b60_0;
    %pad/s 33;
    %addi 8, 0, 33;
    %ix/vec4/s 3;
    %ix/load 4, 0, 0; Constant delay
    %assign/vec4/a/d v0x55bd87330fa0, 0, 4;
    %load/vec4 v0x55bd87331b60_0;
    %addi 1, 0, 32;
    %store/vec4 v0x55bd87331b60_0, 0, 32;
    %jmp T_5.33;
T_5.34 ;
    %load/vec4 v0x55bd87332360_0;
    %flag_set/vec4 8;
    %jmp/0xz  T_5.35, 8;
    %pushi/vec4 1, 0, 1;
    %assign/vec4 v0x55bd873319e0_0, 0;
T_5.35 ;
T_5.31 ;
    %jmp T_5.10;
T_5.9 ;
    %load/vec4 v0x55bd87331aa0_0;
    %flag_set/vec4 8;
    %jmp/0xz  T_5.37, 8;
    %load/vec4 v0x55bd873319e0_0;
    %load/vec4 v0x55bd87331d00_0;
    %pad/u 32;
    %pushi/vec4 78, 0, 32;
    %cmp/e;
    %flag_get/vec4 4;
    %and;
    %flag_set/vec4 8;
    %jmp/0xz  T_5.39, 8;
    %pushi/vec4 1, 0, 1;
    %assign/vec4 v0x55bd87331ec0_0, 0;
T_5.39 ;
    %load/vec4 v0x55bd87331d00_0;
    %addi 1, 0, 7;
    %assign/vec4 v0x55bd87331d00_0, 0;
    %pushi/vec4 0, 0, 32;
    %store/vec4 v0x55bd87331b60_0, 0, 32;
T_5.41 ;
    %load/vec4 v0x55bd87331b60_0;
    %cmpi/s 15, 0, 32;
    %jmp/0xz T_5.42, 5;
    %load/vec4 v0x55bd87331b60_0;
    %pad/s 33;
    %addi 1, 0, 33;
    %ix/vec4/s 4;
    %load/vec4a v0x55bd87330fa0, 4;
    %ix/getv/s 3, v0x55bd87331b60_0;
    %ix/load 4, 0, 0; Constant delay
    %assign/vec4/a/d v0x55bd87330fa0, 0, 4;
    %load/vec4 v0x55bd87331b60_0;
    %addi 1, 0, 32;
    %store/vec4 v0x55bd87331b60_0, 0, 32;
    %jmp T_5.41;
T_5.42 ;
    %ix/load 4, 1, 0;
    %flag_set/imm 4, 0;
    %load/vec4a v0x55bd87330fa0, 4;
    %load/vec4 v0x55bd87332740_0;
    %pushi/vec4 0, 0, 1;
    %store/vec4 v0x55bd87330950_0, 0, 1;
    %store/vec4 v0x55bd87330d00_0, 0, 2;
    %store/vec4 v0x55bd87330ec0_0, 0, 64;
    %callf/vec4 TD_wt_unit_tb.wt_ut.sigma, S_0x55bd87330680;
    %ix/load 4, 7, 0;
    %flag_set/imm 4, 0;
    %load/vec4a v0x55bd87330fa0, 4;
    %ix/load 4, 14, 0;
    %flag_set/imm 4, 0;
    %load/vec4a v0x55bd87330fa0, 4;
    %parti/s 32, 0, 2;
    %pad/u 64;
    %load/vec4 v0x55bd87332740_0;
    %pushi/vec4 1, 0, 1;
    %store/vec4 v0x55bd87330950_0, 0, 1;
    %store/vec4 v0x55bd87330d00_0, 0, 2;
    %store/vec4 v0x55bd87330ec0_0, 0, 64;
    %callf/vec4 TD_wt_unit_tb.wt_ut.sigma, S_0x55bd87330680;
    %add;
    %or;
    %ix/load 3, 15, 0;
    %flag_set/imm 4, 0;
    %ix/load 4, 0, 0; Constant delay
    %assign/vec4/a/d v0x55bd87330fa0, 0, 4;
T_5.37 ;
    %jmp T_5.10;
T_5.10 ;
    %pop/vec4 1;
T_5.1 ;
    %jmp T_5;
    .thread T_5;
    .scope S_0x55bd8732f6b0;
T_6 ;
    %vpi_call 3 331 "$dumpfile", "waveform.vcd" {0 0 0};
    %vpi_call 3 332 "$dumpvars", 32'sb00000000000000000000000000000000, S_0x55bd8732f6b0 {0 0 0};
    %delay 1000, 0;
    %end;
    .thread T_6;
    .scope S_0x55bd8730da90;
T_7 ;
    %pushi/vec4 0, 0, 1;
    %store/vec4 v0x55bd87332d20_0, 0, 1;
T_7.0 ;
    %delay 5000, 0;
    %load/vec4 v0x55bd87332d20_0;
    %inv;
    %store/vec4 v0x55bd87332d20_0, 0, 1;
    %jmp T_7.0;
    %end;
    .thread T_7;
    .scope S_0x55bd8730da90;
T_8 ;
    %pushi/vec4 1, 0, 512;
    %store/vec4 v0x55bd873330f0_0, 0, 512;
    %pushi/vec4 211, 0, 8;
    %store/vec4 v0x55bd873339a0_0, 0, 8;
    %pushi/vec4 128, 0, 8;
    %store/vec4 v0x55bd87333010_0, 0, 8;
    %pushi/vec4 65535, 0, 64;
    %store/vec4 v0x55bd87332f50_0, 0, 64;
    %pushi/vec4 0, 0, 1;
    %store/vec4 v0x55bd87332eb0_0, 0, 1;
    %end;
    .thread T_8;
    .scope S_0x55bd8730da90;
T_9 ;
    %pushi/vec4 1, 0, 512;
    %store/vec4 v0x55bd873331d0_0, 0, 512;
    %pushi/vec4 1, 0, 1;
    %store/vec4 v0x55bd87333800_0, 0, 1;
    %pushi/vec4 1, 0, 1;
    %store/vec4 v0x55bd873335c0_0, 0, 1;
    %pushi/vec4 1, 0, 1;
    %store/vec4 v0x55bd87332de0_0, 0, 1;
    %delay 5000, 0;
    %pushi/vec4 0, 0, 1;
    %store/vec4 v0x55bd873335c0_0, 0, 1;
T_9.0 ;
    %delay 10000, 0;
    %load/vec4 v0x55bd87333420_0;
    %flag_set/vec4 8;
    %jmp/0xz  T_9.1, 8;
    %load/vec4 v0x55bd873339a0_0;
    %ix/load 4, 1, 0;
    %flag_set/imm 4, 0;
    %shiftr 4;
    %assign/vec4 v0x55bd873339a0_0, 0;
    %load/vec4 v0x55bd87333010_0;
    %ix/load 4, 1, 0;
    %flag_set/imm 4, 0;
    %shiftr 4;
    %assign/vec4 v0x55bd87333010_0, 0;
    %load/vec4 v0x55bd873334f0_0;
    %flag_set/vec4 8;
    %jmp/0xz  T_9.3, 8;
    %load/vec4 v0x55bd873330f0_0;
    %ix/load 4, 64, 0;
    %flag_set/imm 4, 0;
    %shiftl 4;
    %assign/vec4 v0x55bd873330f0_0, 0;
    %load/vec4 v0x55bd873331d0_0;
    %load/vec4 v0x55bd873330f0_0;
    %ix/load 4, 64, 0;
    %flag_set/imm 4, 0;
    %shiftl 4;
    %or;
    %assign/vec4 v0x55bd873331d0_0, 0;
T_9.3 ;
    %load/vec4 v0x55bd87333350_0;
    %flag_set/vec4 8;
    %jmp/0xz  T_9.5, 8;
    %pushi/vec4 1, 0, 1;
    %assign/vec4 v0x55bd87332eb0_0, 0;
T_9.5 ;
T_9.1 ;
    %jmp T_9.0;
    %end;
    .thread T_9;
    .scope S_0x55bd8730da90;
T_10 ;
T_10.0 ;
    %delay 10000, 0;
    %load/vec4 v0x55bd87332eb0_0;
    %flag_set/vec4 8;
    %jmp/0xz  T_10.1, 8;
    %delay 40000, 0;
    %vpi_call 2 118 "$display", "**Test Finished! **\012" {0 0 0};
    %vpi_call 2 119 "$finish" {0 0 0};
T_10.1 ;
    %jmp T_10.0;
    %end;
    .thread T_10;
# The file index is used to find the file name in the following table.
:file_names 4;
    "N/A";
    "<interactive>";
    "wt_unit_tb.v";
    "wt_unit.v";
